<?xml version="1.0" encoding="UTF-8"?>
<testng-results ignored="0" total="1" passed="1" failed="0" skipped="0">
  <reporter-output>
  </reporter-output>
  <suite started-at="2023-03-19T08:56:48 IST" name="Default suite" finished-at="2023-03-19T08:56:54 IST" duration-ms="6545">
    <groups>
    </groups>
    <test started-at="2023-03-19T08:56:48 IST" name="Default test" finished-at="2023-03-19T08:56:54 IST" duration-ms="6545">
      <class name="Scripts.Basicss">
        <test-method signature="Test()[pri:0, instance:Scripts.Basicss@696da30b]" started-at="2023-03-19T08:56:48 IST" name="Test" finished-at="2023-03-19T08:56:54 IST" duration-ms="6475" status="PASS">
          <reporter-output>
          </reporter-output>
        </test-method> <!-- Test -->
      </class> <!-- Scripts.Basicss -->
    </test> <!-- Default test -->
  </suite> <!-- Default suite -->
</testng-results>
